0 info it worked if it ends with ok
1 verbose cli [ 'D:\\nodejs\\node.exe',
1 verbose cli   'D:\\nodejs\\node_modules\\npm\\bin\\npm-cli.js',
1 verbose cli   'start' ]
2 info using npm@3.10.10
3 info using node@v6.9.5
4 verbose run-script [ 'prestart', 'start', 'poststart' ]
5 info lifecycle hybridapp@1.0.0~prestart: hybridapp@1.0.0
6 silly lifecycle hybridapp@1.0.0~prestart: no script for prestart, continuing
7 info lifecycle hybridapp@1.0.0~start: hybridapp@1.0.0
8 verbose lifecycle hybridapp@1.0.0~start: unsafe-perm in lifecycle true
9 verbose lifecycle hybridapp@1.0.0~start: PATH: D:\nodejs\node_modules\npm\bin\node-gyp-bin;E:\own_project\HybridAppV2\node_modules\.bin;C:\Python27\;C:\Python27\Scripts;C:\Users\Administrator\AppData\Roaming\npm\node_modules\git;D:\Ruby23-x64\bin;C:\Program Files (x86)\NVIDIA Corporation\PhysX\Common;C:\Windows\system32;C:\Windows;C:\Windows\System32\Wbem;C:\Program Files\TortoiseSVN\bin;G:\lessc\less;C:\Windows\System32\WindowsPowerShell\v1.0\;C:\Windows\System32\WindowsPowerShell\v1.0\;D:\tortoiseGit\bin;D:\Git\cmd;D:\simian-2.4.0\bin;D:\nodejs\;C:\Windows\System32\WindowsPowerShell\v1.0\;C:\ProgramData\chocolatey\bin;C:\Program Files\Java\jdk1.8.0_144\bin;D:\Android\sdk\tools;D:\Android\sdk\platform-tools;C:\Users\Administrator\AppData\Roaming\npm
10 verbose lifecycle hybridapp@1.0.0~start: CWD: E:\own_project\HybridAppV2
11 silly lifecycle hybridapp@1.0.0~start: Args: [ '/d /s /c',
11 silly lifecycle   'node node_modules/react-native/local-cli/cli.js start' ]
12 silly lifecycle hybridapp@1.0.0~start: Returned: code: 11  signal: null
13 info lifecycle hybridapp@1.0.0~start: Failed to exec start script
14 verbose stack Error: hybridapp@1.0.0 start: `node node_modules/react-native/local-cli/cli.js start`
14 verbose stack Exit status 11
14 verbose stack     at EventEmitter.<anonymous> (D:\nodejs\node_modules\npm\lib\utils\lifecycle.js:255:16)
14 verbose stack     at emitTwo (events.js:106:13)
14 verbose stack     at EventEmitter.emit (events.js:191:7)
14 verbose stack     at ChildProcess.<anonymous> (D:\nodejs\node_modules\npm\lib\utils\spawn.js:40:14)
14 verbose stack     at emitTwo (events.js:106:13)
14 verbose stack     at ChildProcess.emit (events.js:191:7)
14 verbose stack     at maybeClose (internal/child_process.js:877:16)
14 verbose stack     at Process.ChildProcess._handle.onexit (internal/child_process.js:226:5)
15 verbose pkgid hybridapp@1.0.0
16 verbose cwd E:\own_project\HybridAppV2\android
17 error Windows_NT 6.1.7601
18 error argv "D:\\nodejs\\node.exe" "D:\\nodejs\\node_modules\\npm\\bin\\npm-cli.js" "start"
19 error node v6.9.5
20 error npm  v3.10.10
21 error code ELIFECYCLE
22 error hybridapp@1.0.0 start: `node node_modules/react-native/local-cli/cli.js start`
22 error Exit status 11
23 error Failed at the hybridapp@1.0.0 start script 'node node_modules/react-native/local-cli/cli.js start'.
23 error Make sure you have the latest version of node.js and npm installed.
23 error If you do, this is most likely a problem with the hybridapp package,
23 error not with npm itself.
23 error Tell the author that this fails on your system:
23 error     node node_modules/react-native/local-cli/cli.js start
23 error You can get information on how to open an issue for this project with:
23 error     npm bugs hybridapp
23 error Or if that isn't available, you can get their info via:
23 error     npm owner ls hybridapp
23 error There is likely additional logging output above.
24 verbose exit [ 1, true ]
